Performing C SOURCE FILE Test CMAKE_HAVE_LIBC_PTHREAD failed with the following output:
Change Dir: /home/daniil/lab07/_builds/CMakeFiles/CMakeTmp

Run Build Command(s):/usr/bin/make -f Makefile cmTC_8f3f3/fast && /usr/bin/make  -f CMakeFiles/cmTC_8f3f3.dir/build.make CMakeFiles/cmTC_8f3f3.dir/build
make[1]: вход в каталог «/home/daniil/lab07/_builds/CMakeFiles/CMakeTmp»
Building C object CMakeFiles/cmTC_8f3f3.dir/src.c.o
/usr/bin/cc -DCMAKE_HAVE_LIBC_PTHREAD   -o CMakeFiles/cmTC_8f3f3.dir/src.c.o -c /home/daniil/lab07/_builds/CMakeFiles/CMakeTmp/src.c
Linking C executable cmTC_8f3f3
/snap/cmake/870/bin/cmake -E cmake_link_script CMakeFiles/cmTC_8f3f3.dir/link.txt --verbose=1
/usr/bin/cc CMakeFiles/cmTC_8f3f3.dir/src.c.o -o cmTC_8f3f3 
/usr/bin/ld: CMakeFiles/cmTC_8f3f3.dir/src.c.o: в функции «main»:
src.c:(.text+0x46): неопределённая ссылка на «pthread_create»
/usr/bin/ld: src.c:(.text+0x52): неопределённая ссылка на «pthread_detach»
/usr/bin/ld: src.c:(.text+0x5e): неопределённая ссылка на «pthread_cancel»
/usr/bin/ld: src.c:(.text+0x6f): неопределённая ссылка на «pthread_join»
collect2: error: ld returned 1 exit status
make[1]: *** [CMakeFiles/cmTC_8f3f3.dir/build.make:99: cmTC_8f3f3] Ошибка 1
make[1]: выход из каталога «/home/daniil/lab07/_builds/CMakeFiles/CMakeTmp»
make: *** [Makefile:127: cmTC_8f3f3/fast] Ошибка 2


Source file was:
#include <pthread.h>

static void* test_func(void* data)
{
  return data;
}

int main(void)
{
  pthread_t thread;
  pthread_create(&thread, NULL, test_func, NULL);
  pthread_detach(thread);
  pthread_cancel(thread);
  pthread_join(thread, NULL);
  pthread_atfork(NULL, NULL, NULL);
  pthread_exit(NULL);

  return 0;
}

Determining if the function pthread_create exists in the pthreads failed with the following output:
Change Dir: /home/daniil/lab07/_builds/CMakeFiles/CMakeTmp

Run Build Command(s):/usr/bin/make -f Makefile cmTC_f149e/fast && /usr/bin/make  -f CMakeFiles/cmTC_f149e.dir/build.make CMakeFiles/cmTC_f149e.dir/build
make[1]: вход в каталог «/home/daniil/lab07/_builds/CMakeFiles/CMakeTmp»
Building C object CMakeFiles/cmTC_f149e.dir/CheckFunctionExists.c.o
/usr/bin/cc   -DCHECK_FUNCTION_EXISTS=pthread_create -o CMakeFiles/cmTC_f149e.dir/CheckFunctionExists.c.o -c /snap/cmake/870/share/cmake-3.20/Modules/CheckFunctionExists.c
Linking C executable cmTC_f149e
/snap/cmake/870/bin/cmake -E cmake_link_script CMakeFiles/cmTC_f149e.dir/link.txt --verbose=1
/usr/bin/cc  -DCHECK_FUNCTION_EXISTS=pthread_create CMakeFiles/cmTC_f149e.dir/CheckFunctionExists.c.o -o cmTC_f149e  -lpthreads 
/usr/bin/ld: невозможно найти -lpthreads
collect2: error: ld returned 1 exit status
make[1]: *** [CMakeFiles/cmTC_f149e.dir/build.make:99: cmTC_f149e] Ошибка 1
make[1]: выход из каталога «/home/daniil/lab07/_builds/CMakeFiles/CMakeTmp»
make: *** [Makefile:127: cmTC_f149e/fast] Ошибка 2



